elbread.dll ver. 1.0.5.375 Wed Feb 26 03:26:03 2014


------------------------------------------
Entity       | Architecture    | Library
------------------------------------------
liaison_tb   | tb_architecture | liaison
liaison      | liaison         | liaison
onebitvoter  | behavioral      | liaison
controller   | controller      | liaison
registers    | registers       | liaison
ECC          | ecc             | liaison
----------------------------------------

---------------------------
Package         | Library
---------------------------
standard        | std
TEXTIO          | std
std_logic_1164  | ieee
NUMERIC_STD     | ieee
-------------------------

----------------------------------
Configuration          | Library
----------------------------------
testbench_for_liaison  | liaison
--------------------------------
